# This is the CMakeCache file.
# For build in directory: /home/chlee/iree-build-riscv
# It was generated by CMake: /usr/bin/cmake
# You can edit this file to change values found and used by cmake.
# If you do not want to change any of the values, simply exit the editor.
# If you do want to change a value, simply edit, save, and exit the editor.
# The syntax for the file is as follows:
# KEY:TYPE=VALUE
# KEY is the name of a variable in the cache.
# TYPE is a hint to GUIs for the type of VALUE, DO NOT EDIT TYPE!.
# VALUE is the current value for the KEY.

########################
# EXTERNAL cache entries
########################

//Build a 32 bit version of the library.
BENCHMARK_BUILD_32_BITS:BOOL=OFF

//Flags used by the C++ compiler during coverage builds.
BENCHMARK_CXX_FLAGS_COVERAGE:STRING= -g

//Allow the downloading and in-tree building of unmet dependencies
BENCHMARK_DOWNLOAD_DEPENDENCIES:BOOL=OFF

//Enable building and running the assembly tests
BENCHMARK_ENABLE_ASSEMBLY_TESTS:BOOL=OFF

//Build documentation with Doxygen.
BENCHMARK_ENABLE_DOXYGEN:BOOL=OFF

//Enable the use of exceptions in the benchmark library.
BENCHMARK_ENABLE_EXCEPTIONS:BOOL=ON

//Enable building the unit tests which depend on gtest
BENCHMARK_ENABLE_GTEST_TESTS:BOOL=ON

//Enable installation of benchmark. (Projects embedding benchmark
// may want to turn this OFF.)
BENCHMARK_ENABLE_INSTALL:BOOL=OFF

//Enable performance counters provided by libpfm
BENCHMARK_ENABLE_LIBPFM:BOOL=OFF

//Enable link time optimisation of the benchmark library.
BENCHMARK_ENABLE_LTO:BOOL=OFF

//Enable testing of the benchmark library.
BENCHMARK_ENABLE_TESTING:BOOL=OFF

//Build Release candidates with -Werror.
BENCHMARK_ENABLE_WERROR:BOOL=ON

//Flags used for linking binaries during coverage builds.
BENCHMARK_EXE_LINKER_FLAGS_COVERAGE:STRING=

//Build Release candidates with -Werror regardless of compiler
// issues.
BENCHMARK_FORCE_WERROR:BOOL=OFF

//Enable installation of documentation.
BENCHMARK_INSTALL_DOCS:BOOL=ON

//Flags used by the shared libraries linker during coverage builds.
BENCHMARK_SHARED_LINKER_FLAGS_COVERAGE:STRING=

//Use bundled GoogleTest. If disabled, the find_package(GTest)
// will be used.
BENCHMARK_USE_BUNDLED_GTEST:BOOL=ON

//Build and test using libc++ as the standard library.
BENCHMARK_USE_LIBCXX:BOOL=OFF

//Builds the googlemock subproject
BUILD_GMOCK:BOOL=ON

//Instructs CMake to build libraries as shared if possible
BUILD_SHARED_LIBS:BOOL=OFF

//Path to a program.
CMAKE_ADDR2LINE:FILEPATH=/usr/bin/llvm-addr2line

//ASM compiler
CMAKE_ASM_COMPILER:FILEPATH=/home/chlee/riscv/toolchain/clang/linux/RISCV/bin/clang

//LLVM archiver
CMAKE_ASM_COMPILER_AR:FILEPATH=/home/chlee/riscv/toolchain/clang/linux/RISCV/bin/llvm-ar

//`clang-scan-deps` dependency scanner
CMAKE_ASM_COMPILER_CLANG_SCAN_DEPS:FILEPATH=/home/chlee/riscv/toolchain/clang/linux/RISCV/bin/clang-scan-deps

//Generate index for LLVM archive
CMAKE_ASM_COMPILER_RANLIB:FILEPATH=/home/chlee/riscv/toolchain/clang/linux/RISCV/bin/llvm-ranlib

//Flags used by the ASM compiler during all build types.
CMAKE_ASM_FLAGS:STRING=

//Flags used by the ASM compiler during DEBUG builds.
CMAKE_ASM_FLAGS_DEBUG:STRING=-g

//Flags used by the ASM compiler during MINSIZEREL builds.
CMAKE_ASM_FLAGS_MINSIZEREL:STRING=-Os -DNDEBUG

//Flags used by the ASM compiler during RELEASE builds.
CMAKE_ASM_FLAGS_RELEASE:STRING=-O3 -DNDEBUG

//Flags used by the ASM compiler during RELWITHDEBINFO builds.
CMAKE_ASM_FLAGS_RELWITHDEBINFO:STRING=-O2 -g -DNDEBUG

//Build type (default Release)
CMAKE_BUILD_TYPE:STRING=Release

//LLVM archiver
CMAKE_CXX_COMPILER_AR:FILEPATH=/usr/bin/llvm-ar-18

//`clang-scan-deps` dependency scanner
CMAKE_CXX_COMPILER_CLANG_SCAN_DEPS:FILEPATH=/home/chlee/riscv/toolchain/clang/linux/RISCV/bin/clang-scan-deps

//Generate index for LLVM archive
CMAKE_CXX_COMPILER_RANLIB:FILEPATH=/usr/bin/llvm-ranlib-18

//Flags used by the CXX compiler during all build types.
CMAKE_CXX_FLAGS:STRING=

//Flags used by the CXX compiler during DEBUG builds.
CMAKE_CXX_FLAGS_DEBUG:STRING=-g

//Flags used by the C++ compiler during fast builds.
CMAKE_CXX_FLAGS_FASTBUILD:STRING=-gmlt

//Flags used by the CXX compiler during MINSIZEREL builds.
CMAKE_CXX_FLAGS_MINSIZEREL:STRING=-Os -DNDEBUG

//Flags used by the CXX compiler during RELEASE builds.
CMAKE_CXX_FLAGS_RELEASE:STRING=-O3 -DNDEBUG

//Flags used by the CXX compiler during RELWITHDEBINFO builds.
CMAKE_CXX_FLAGS_RELWITHDEBINFO:STRING=-O2 -g -DNDEBUG

//LLVM archiver
CMAKE_C_COMPILER_AR:FILEPATH=/usr/bin/llvm-ar-18

//`clang-scan-deps` dependency scanner
CMAKE_C_COMPILER_CLANG_SCAN_DEPS:FILEPATH=/home/chlee/riscv/toolchain/clang/linux/RISCV/bin/clang-scan-deps

//Generate index for LLVM archive
CMAKE_C_COMPILER_RANLIB:FILEPATH=/usr/bin/llvm-ranlib-18

//Flags used by the C compiler during all build types.
CMAKE_C_FLAGS:STRING=

//Flags used by the C compiler during DEBUG builds.
CMAKE_C_FLAGS_DEBUG:STRING=-g

//Flags used by the C compiler during fast builds.
CMAKE_C_FLAGS_FASTBUILD:STRING=-gmlt

//Flags used by the C compiler during MINSIZEREL builds.
CMAKE_C_FLAGS_MINSIZEREL:STRING=-Os -DNDEBUG

//Flags used by the C compiler during RELEASE builds.
CMAKE_C_FLAGS_RELEASE:STRING=-O3 -DNDEBUG

//Flags used by the C compiler during RELWITHDEBINFO builds.
CMAKE_C_FLAGS_RELWITHDEBINFO:STRING=-O2 -g -DNDEBUG

//Path to a program.
CMAKE_DLLTOOL:FILEPATH=/usr/bin/llvm-dlltool

//Flags used by the linker during all build types.
CMAKE_EXE_LINKER_FLAGS:STRING=

//Flags used by the linker during DEBUG builds.
CMAKE_EXE_LINKER_FLAGS_DEBUG:STRING=

//Flags used for linking binaries during fast builds.
CMAKE_EXE_LINKER_FLAGS_FASTBUILD:STRING=-Wl,-S

//Flags used by the linker during MINSIZEREL builds.
CMAKE_EXE_LINKER_FLAGS_MINSIZEREL:STRING=

//Flags used by the linker during RELEASE builds.
CMAKE_EXE_LINKER_FLAGS_RELEASE:STRING=

//Flags used by the linker during RELWITHDEBINFO builds.
CMAKE_EXE_LINKER_FLAGS_RELWITHDEBINFO:STRING=

//Value Computed by CMake.
CMAKE_FIND_PACKAGE_REDIRECTS_DIR:STATIC=/home/chlee/iree-build-riscv/CMakeFiles/pkgRedirects

//User executables (bin)
CMAKE_INSTALL_BINDIR:PATH=bin

//Read-only architecture-independent data (DATAROOTDIR)
CMAKE_INSTALL_DATADIR:PATH=

//Read-only architecture-independent data root (share)
CMAKE_INSTALL_DATAROOTDIR:PATH=share

//Documentation root (DATAROOTDIR/doc/PROJECT_NAME)
CMAKE_INSTALL_DOCDIR:PATH=

//C header files (include)
CMAKE_INSTALL_INCLUDEDIR:PATH=include

//Info documentation (DATAROOTDIR/info)
CMAKE_INSTALL_INFODIR:PATH=

//Object code libraries (lib)
CMAKE_INSTALL_LIBDIR:PATH=lib

//Program executables (libexec)
CMAKE_INSTALL_LIBEXECDIR:PATH=libexec

//Locale-dependent data (DATAROOTDIR/locale)
CMAKE_INSTALL_LOCALEDIR:PATH=

//Modifiable single-machine data (var)
CMAKE_INSTALL_LOCALSTATEDIR:PATH=var

//Man documentation (DATAROOTDIR/man)
CMAKE_INSTALL_MANDIR:PATH=

//C header files for non-gcc (/usr/include)
CMAKE_INSTALL_OLDINCLUDEDIR:PATH=/usr/include

//Install path prefix, prepended onto install directories.
CMAKE_INSTALL_PREFIX:PATH=/usr/local

//Run-time variable data (LOCALSTATEDIR/run)
CMAKE_INSTALL_RUNSTATEDIR:PATH=

//System admin executables (sbin)
CMAKE_INSTALL_SBINDIR:PATH=sbin

//Modifiable architecture-independent data (com)
CMAKE_INSTALL_SHAREDSTATEDIR:PATH=com

//Read-only single-machine data (etc)
CMAKE_INSTALL_SYSCONFDIR:PATH=etc

//Path to a program.
CMAKE_LINKER:FILEPATH=/home/chlee/riscv/toolchain/clang/linux/RISCV/bin/ld.lld

//Program used to build from build.ninja files.
CMAKE_MAKE_PROGRAM:FILEPATH=/usr/bin/ninja

//Flags used by the linker during the creation of modules during
// all build types.
CMAKE_MODULE_LINKER_FLAGS:STRING=

//Flags used by the linker during the creation of modules during
// DEBUG builds.
CMAKE_MODULE_LINKER_FLAGS_DEBUG:STRING=

//Flags used by the linker during the creation of modules during
// MINSIZEREL builds.
CMAKE_MODULE_LINKER_FLAGS_MINSIZEREL:STRING=

//Flags used by the linker during the creation of modules during
// RELEASE builds.
CMAKE_MODULE_LINKER_FLAGS_RELEASE:STRING=

//Flags used by the linker during the creation of modules during
// RELWITHDEBINFO builds.
CMAKE_MODULE_LINKER_FLAGS_RELWITHDEBINFO:STRING=

//Path to a program.
CMAKE_NM:FILEPATH=/home/chlee/riscv/toolchain/clang/linux/RISCV/bin/llvm-nm

//Path to a program.
CMAKE_OBJCOPY:FILEPATH=/home/chlee/riscv/toolchain/clang/linux/RISCV/bin/llvm-objcopy

//Path to a program.
CMAKE_OBJDUMP:FILEPATH=/home/chlee/riscv/toolchain/clang/linux/RISCV/bin/llvm-objdump

//Value Computed by CMake
CMAKE_PROJECT_DESCRIPTION:STATIC=

//Value Computed by CMake
CMAKE_PROJECT_HOMEPAGE_URL:STATIC=

//Value Computed by CMake
CMAKE_PROJECT_NAME:STATIC=IREE

//Value Computed by CMake
CMAKE_PROJECT_VERSION:STATIC=1.16.0

//Value Computed by CMake
CMAKE_PROJECT_VERSION_MAJOR:STATIC=1

//Value Computed by CMake
CMAKE_PROJECT_VERSION_MINOR:STATIC=16

//Value Computed by CMake
CMAKE_PROJECT_VERSION_PATCH:STATIC=0

//Value Computed by CMake
CMAKE_PROJECT_VERSION_TWEAK:STATIC=

//Path to a program.
CMAKE_READELF:FILEPATH=/usr/bin/llvm-readelf

//Flags used by the linker during the creation of shared libraries
// during all build types.
CMAKE_SHARED_LINKER_FLAGS:STRING=

//Flags used by the linker during the creation of shared libraries
// during DEBUG builds.
CMAKE_SHARED_LINKER_FLAGS_DEBUG:STRING=

//Flags used by the shared libraries linker binaries during fast
// builds.
CMAKE_SHARED_LINKER_FLAGS_FASTBUILD:STRING=-Wl,-S

//Flags used by the linker during the creation of shared libraries
// during MINSIZEREL builds.
CMAKE_SHARED_LINKER_FLAGS_MINSIZEREL:STRING=

//Flags used by the linker during the creation of shared libraries
// during RELEASE builds.
CMAKE_SHARED_LINKER_FLAGS_RELEASE:STRING=

//Flags used by the linker during the creation of shared libraries
// during RELWITHDEBINFO builds.
CMAKE_SHARED_LINKER_FLAGS_RELWITHDEBINFO:STRING=

//If set, runtime paths are not added when installing shared libraries,
// but are added when building.
CMAKE_SKIP_INSTALL_RPATH:BOOL=NO

//If set, runtime paths are not added when using shared libraries.
CMAKE_SKIP_RPATH:BOOL=NO

//Flags used by the linker during the creation of static libraries
// during all build types.
CMAKE_STATIC_LINKER_FLAGS:STRING=

//Flags used by the linker during the creation of static libraries
// during DEBUG builds.
CMAKE_STATIC_LINKER_FLAGS_DEBUG:STRING=

//Flags used by the linker during the creation of static libraries
// during MINSIZEREL builds.
CMAKE_STATIC_LINKER_FLAGS_MINSIZEREL:STRING=

//Flags used by the linker during the creation of static libraries
// during RELEASE builds.
CMAKE_STATIC_LINKER_FLAGS_RELEASE:STRING=

//Flags used by the linker during the creation of static libraries
// during RELWITHDEBINFO builds.
CMAKE_STATIC_LINKER_FLAGS_RELWITHDEBINFO:STRING=

//Path to a program.
CMAKE_TAPI:FILEPATH=CMAKE_TAPI-NOTFOUND

//No help, variable specified on the command line.
CMAKE_TOOLCHAIN_FILE:UNINITIALIZED=./build_tools/cmake/riscv.toolchain.cmake

//If this value is on, makefiles will be generated without the
// .SILENT directive, and all commands will be echoed to the console
// during the make.  This is useful for debugging only. With Visual
// Studio IDE projects all commands are done without /nologo.
CMAKE_VERBOSE_MAKEFILE:BOOL=FALSE

CUDAToolkit_BIN_DIR:PATH=/usr/bin

//Path to a file.
CUDAToolkit_CUPTI_INCLUDE_DIR:PATH=/usr/include

//Path to a program.
CUDAToolkit_NVCC_EXECUTABLE:FILEPATH=/usr/bin/nvcc

//Path to a library.
CUDAToolkit_rt_LIBRARY:FILEPATH=CUDAToolkit_rt_LIBRARY-NOTFOUND

//Path to a library.
CUDA_CUDART:FILEPATH=/usr/lib/x86_64-linux-gnu/libcudart.so

//Path to a library.
CUDA_OpenCL_LIBRARY:FILEPATH=/usr/lib/x86_64-linux-gnu/libOpenCL.so

//Path to a library.
CUDA_cuFile_LIBRARY:FILEPATH=CUDA_cuFile_LIBRARY-NOTFOUND

//Path to a library.
CUDA_cuFile_rdma_LIBRARY:FILEPATH=CUDA_cuFile_rdma_LIBRARY-NOTFOUND

//Path to a library.
CUDA_cuFile_rdma_static_LIBRARY:FILEPATH=CUDA_cuFile_rdma_static_LIBRARY-NOTFOUND

//Path to a library.
CUDA_cuFile_static_LIBRARY:FILEPATH=CUDA_cuFile_static_LIBRARY-NOTFOUND

//Path to a library.
CUDA_cublasLt_LIBRARY:FILEPATH=/usr/lib/x86_64-linux-gnu/libcublasLt.so

//Path to a library.
CUDA_cublasLt_static_LIBRARY:FILEPATH=/usr/lib/x86_64-linux-gnu/libcublasLt_static.a

//Path to a library.
CUDA_cublas_LIBRARY:FILEPATH=/usr/lib/x86_64-linux-gnu/libcublas.so

//Path to a library.
CUDA_cublas_static_LIBRARY:FILEPATH=/usr/lib/x86_64-linux-gnu/libcublas_static.a

//Path to a library.
CUDA_cuda_driver_LIBRARY:FILEPATH=/usr/lib/x86_64-linux-gnu/libcuda.so

//Path to a library.
CUDA_cudart_LIBRARY:FILEPATH=/usr/lib/x86_64-linux-gnu/libcudart.so

//Path to a library.
CUDA_cudart_static_LIBRARY:FILEPATH=/usr/lib/x86_64-linux-gnu/libcudart_static.a

//Path to a library.
CUDA_cudla_LIBRARY:FILEPATH=CUDA_cudla_LIBRARY-NOTFOUND

//Path to a library.
CUDA_cufft_LIBRARY:FILEPATH=/usr/lib/x86_64-linux-gnu/libcufft.so

//Path to a library.
CUDA_cufft_static_LIBRARY:FILEPATH=/usr/lib/x86_64-linux-gnu/libcufft_static.a

//Path to a library.
CUDA_cufft_static_nocallback_LIBRARY:FILEPATH=/usr/lib/x86_64-linux-gnu/libcufft_static_nocallback.a

//Path to a library.
CUDA_cufftw_LIBRARY:FILEPATH=/usr/lib/x86_64-linux-gnu/libcufftw.so

//Path to a library.
CUDA_cufftw_static_LIBRARY:FILEPATH=/usr/lib/x86_64-linux-gnu/libcufftw_static.a

//Path to a library.
CUDA_culibos_LIBRARY:FILEPATH=/usr/lib/x86_64-linux-gnu/libculibos.a

//Path to a library.
CUDA_cupti_LIBRARY:FILEPATH=/usr/lib/x86_64-linux-gnu/libcupti.so

//Path to a library.
CUDA_cupti_static_LIBRARY:FILEPATH=/usr/lib/x86_64-linux-gnu/libcupti_static.a

//Path to a library.
CUDA_curand_LIBRARY:FILEPATH=/usr/lib/x86_64-linux-gnu/libcurand.so

//Path to a library.
CUDA_curand_static_LIBRARY:FILEPATH=/usr/lib/x86_64-linux-gnu/libcurand_static.a

//Path to a library.
CUDA_cusolver_LIBRARY:FILEPATH=/usr/lib/x86_64-linux-gnu/libcusolver.so

//Path to a library.
CUDA_cusolver_lapack_static_LIBRARY:FILEPATH=/usr/lib/x86_64-linux-gnu/libcusolver_lapack_static.a

//Path to a library.
CUDA_cusolver_metis_static_LIBRARY:FILEPATH=/usr/lib/x86_64-linux-gnu/libcusolver_metis_static.a

//Path to a library.
CUDA_cusolver_static_LIBRARY:FILEPATH=/usr/lib/x86_64-linux-gnu/libcusolver_static.a

//Path to a library.
CUDA_cusparse_LIBRARY:FILEPATH=/usr/lib/x86_64-linux-gnu/libcusparse.so

//Path to a library.
CUDA_cusparse_static_LIBRARY:FILEPATH=/usr/lib/x86_64-linux-gnu/libcusparse_static.a

//Path to a library.
CUDA_nppc_LIBRARY:FILEPATH=/usr/lib/x86_64-linux-gnu/libnppc.so

//Path to a library.
CUDA_nppc_static_LIBRARY:FILEPATH=/usr/lib/x86_64-linux-gnu/libnppc_static.a

//Path to a library.
CUDA_nppial_LIBRARY:FILEPATH=/usr/lib/x86_64-linux-gnu/libnppial.so

//Path to a library.
CUDA_nppial_static_LIBRARY:FILEPATH=/usr/lib/x86_64-linux-gnu/libnppial_static.a

//Path to a library.
CUDA_nppicc_LIBRARY:FILEPATH=/usr/lib/x86_64-linux-gnu/libnppicc.so

//Path to a library.
CUDA_nppicc_static_LIBRARY:FILEPATH=/usr/lib/x86_64-linux-gnu/libnppicc_static.a

//Path to a library.
CUDA_nppicom_LIBRARY:FILEPATH=CUDA_nppicom_LIBRARY-NOTFOUND

//Path to a library.
CUDA_nppicom_static_LIBRARY:FILEPATH=CUDA_nppicom_static_LIBRARY-NOTFOUND

//Path to a library.
CUDA_nppidei_LIBRARY:FILEPATH=/usr/lib/x86_64-linux-gnu/libnppidei.so

//Path to a library.
CUDA_nppidei_static_LIBRARY:FILEPATH=/usr/lib/x86_64-linux-gnu/libnppidei_static.a

//Path to a library.
CUDA_nppif_LIBRARY:FILEPATH=/usr/lib/x86_64-linux-gnu/libnppif.so

//Path to a library.
CUDA_nppif_static_LIBRARY:FILEPATH=/usr/lib/x86_64-linux-gnu/libnppif_static.a

//Path to a library.
CUDA_nppig_LIBRARY:FILEPATH=/usr/lib/x86_64-linux-gnu/libnppig.so

//Path to a library.
CUDA_nppig_static_LIBRARY:FILEPATH=/usr/lib/x86_64-linux-gnu/libnppig_static.a

//Path to a library.
CUDA_nppim_LIBRARY:FILEPATH=/usr/lib/x86_64-linux-gnu/libnppim.so

//Path to a library.
CUDA_nppim_static_LIBRARY:FILEPATH=/usr/lib/x86_64-linux-gnu/libnppim_static.a

//Path to a library.
CUDA_nppist_LIBRARY:FILEPATH=/usr/lib/x86_64-linux-gnu/libnppist.so

//Path to a library.
CUDA_nppist_static_LIBRARY:FILEPATH=/usr/lib/x86_64-linux-gnu/libnppist_static.a

//Path to a library.
CUDA_nppisu_LIBRARY:FILEPATH=/usr/lib/x86_64-linux-gnu/libnppisu.so

//Path to a library.
CUDA_nppisu_static_LIBRARY:FILEPATH=/usr/lib/x86_64-linux-gnu/libnppisu_static.a

//Path to a library.
CUDA_nppitc_LIBRARY:FILEPATH=/usr/lib/x86_64-linux-gnu/libnppitc.so

//Path to a library.
CUDA_nppitc_static_LIBRARY:FILEPATH=/usr/lib/x86_64-linux-gnu/libnppitc_static.a

//Path to a library.
CUDA_npps_LIBRARY:FILEPATH=/usr/lib/x86_64-linux-gnu/libnpps.so

//Path to a library.
CUDA_npps_static_LIBRARY:FILEPATH=/usr/lib/x86_64-linux-gnu/libnpps_static.a

//Path to a library.
CUDA_nvJitLink_LIBRARY:FILEPATH=/usr/lib/x86_64-linux-gnu/libnvJitLink.so

//Path to a library.
CUDA_nvJitLink_static_LIBRARY:FILEPATH=/usr/lib/x86_64-linux-gnu/libnvJitLink_static.a

//Path to a library.
CUDA_nvToolsExt_LIBRARY:FILEPATH=/usr/lib/x86_64-linux-gnu/libnvToolsExt.so

//Path to a library.
CUDA_nvgraph_LIBRARY:FILEPATH=CUDA_nvgraph_LIBRARY-NOTFOUND

//Path to a library.
CUDA_nvgraph_static_LIBRARY:FILEPATH=CUDA_nvgraph_static_LIBRARY-NOTFOUND

//Path to a library.
CUDA_nvjpeg_LIBRARY:FILEPATH=/usr/lib/x86_64-linux-gnu/libnvjpeg.so

//Path to a library.
CUDA_nvjpeg_static_LIBRARY:FILEPATH=/usr/lib/x86_64-linux-gnu/libnvjpeg_static.a

//Path to a library.
CUDA_nvml_LIBRARY:FILEPATH=/usr/lib/x86_64-linux-gnu/libnvidia-ml.so

//Path to a library.
CUDA_nvperf_host_LIBRARY:FILEPATH=/usr/lib/x86_64-linux-gnu/libnvperf_host.so

//Path to a library.
CUDA_nvperf_host_static_LIBRARY:FILEPATH=/usr/lib/x86_64-linux-gnu/libnvperf_host_static.a

//Path to a library.
CUDA_nvperf_target_LIBRARY:FILEPATH=/usr/lib/x86_64-linux-gnu/libnvperf_target.so

//Path to a library.
CUDA_nvptxcompiler_static_LIBRARY:FILEPATH=/usr/lib/x86_64-linux-gnu/libnvptxcompiler_static.a

//Path to a library.
CUDA_nvrtc_LIBRARY:FILEPATH=/usr/lib/x86_64-linux-gnu/libnvrtc.so

//Path to a library.
CUDA_nvrtc_builtins_LIBRARY:FILEPATH=/usr/lib/x86_64-linux-gnu/libnvrtc-builtins.so

//Path to a library.
CUDA_nvrtc_builtins_static_LIBRARY:FILEPATH=/usr/lib/x86_64-linux-gnu/libnvrtc-builtins_static.a

//Path to a library.
CUDA_nvrtc_static_LIBRARY:FILEPATH=/usr/lib/x86_64-linux-gnu/libnvrtc_static.a

//Path to a library.
CUDA_pcsamplingutil_LIBRARY:FILEPATH=/usr/lib/x86_64-linux-gnu/libpcsamplingutil.so

//OFF
CXXFEATURECHECK_DEBUG:BOOL=OFF

//Git command line client
GIT_EXECUTABLE:FILEPATH=/usr/bin/git

//Path to a program.
GLSLC:FILEPATH=GLSLC-NOTFOUND

//Use Abseil and RE2. Requires Abseil and RE2 to be separately
// added to the build.
GTEST_HAS_ABSL:BOOL=OFF

//Enable installation of googletest. (Projects embedding googletest
// may want to turn this OFF.)
INSTALL_GTEST:BOOL=OFF

//Default named `iree_allocator_t` library and function base name.
IREE_ALLOCATOR_SYSTEM:STRING=libc

//Value Computed by CMake
IREE_BINARY_DIR:STATIC=/home/chlee/iree-build-riscv

//Builds all modules for iree_check_test, regardless of which would
// be tested
IREE_BUILD_ALL_CHECK_TEST_MODULES:BOOL=ON

//Builds the IREE TFLite C API compatibility shim
IREE_BUILD_BINDINGS_TFLITE:BOOL=ON

//Builds the IREE TFLite Java bindings with the C API compatibility
// shim
IREE_BUILD_BINDINGS_TFLITE_JAVA:BOOL=ON

//Builds the bundled llvm-project (vs using installed)
IREE_BUILD_BUNDLED_LLVM:BOOL=ON

//Builds the IREE compiler.
IREE_BUILD_COMPILER:BOOL=OFF

//Builds IREE documentation files.
IREE_BUILD_DOCS:BOOL=OFF

//Build experimental hal_executable_library_call hook libraries
// that can be used with LD_PRELOAD against runtimes built with
// `-DCMAKE_C_FLAGS=-DIREE_HAL_EXECUTABLE_LIBRARY_CALL_HOOK`.
IREE_BUILD_EXPERIMENTAL_HAL_EXECUTABLE_LIBRARY_CALL_HOOKS:BOOL=OFF

//Builds experimental web samples.
IREE_BUILD_EXPERIMENTAL_WEB_SAMPLES:BOOL=OFF

//Builds the IREE python bindings
IREE_BUILD_PYTHON_BINDINGS:BOOL=OFF

//Builds IREE sample projects.
IREE_BUILD_SAMPLES:BOOL=ON

//Builds IREE unit tests.
IREE_BUILD_TESTS:BOOL=ON

//Enables building the 'iree-tracy-capture' CLI tool and includes
// it in runtime Python bindings.
IREE_BUILD_TRACY:BOOL=OFF

//Paths to be scanned for IREE CMake plugin includes
IREE_CMAKE_PLUGIN_PATHS:STRING=

//Enables BUILD_SHARED_LIBS CMake mode for LLVM and the compiler
// (this is only suitable for development)
IREE_COMPILER_BUILD_SHARED_LIBS:BOOL=OFF

//Absolute path to an appropriate libdevice.*.bc (needed to build
// the IREE cuda compiler target)
IREE_CUDA_LIBDEVICE_PATH:FILEPATH=

//Configure settings to optimize for IREE development (as opposed
// to CI or release)
IREE_DEV_MODE:BOOL=OFF

//Embed the IREE version information in built artifacts.
IREE_EMBEDDED_RELEASE_INFO:BOOL=OFF

//Enable address sanitizer
IREE_ENABLE_ASAN:BOOL=OFF

//Force unset of NDEBUG compile option
IREE_ENABLE_ASSERTIONS:BOOL=OFF

//[DEPRECATED: Use CMAKE_<LANG>_COMPILER_LAUNCHER configure options
// or environment variables instead.] Use ccache if installed.
IREE_ENABLE_CCACHE:BOOL=OFF

//Builds IREE in with clang tidy enabled on IREE's libraries.
IREE_ENABLE_CLANG_TIDY:BOOL=OFF

//Enable runtime tests for collective operations.
IREE_ENABLE_COLLECTIVE_RUNTIME_TESTS:BOOL=OFF

//Enables instrumented compiler tracing.
IREE_ENABLE_COMPILER_TRACING:BOOL=OFF

//Enables runtime use of cpuinfo for processor topology detection.
IREE_ENABLE_CPUINFO:BOOL=OFF

//Override the system's default linker to lld
IREE_ENABLE_LLD:BOOL=OFF

//Enable memory sanitizer
IREE_ENABLE_MSAN:BOOL=OFF

//Enable position independent code
IREE_ENABLE_POSITION_INDEPENDENT_CODE:BOOL=ON

//Enables profiling HAL devices with the RenderDoc tool.
IREE_ENABLE_RENDERDOC_PROFILING:BOOL=OFF

//Enables instrumented runtime tracing.
IREE_ENABLE_RUNTIME_TRACING:BOOL=OFF

//Enable gsplit-dwarf for debug information if the platform supports
// it
IREE_ENABLE_SPLIT_DWARF:BOOL=OFF

//Enables thin ar archives (elf systems only). Disable for released
// static archives
IREE_ENABLE_THIN_ARCHIVES:BOOL=OFF

//Builds IREE in with thread library support.
IREE_ENABLE_THREADING:BOOL=ON

//Enable thread sanitizer
IREE_ENABLE_TSAN:BOOL=OFF

//Enable undefined behavior sanitizer
IREE_ENABLE_UBSAN:BOOL=OFF

//Enable `-Werror` flag, treat error as warning
IREE_ENABLE_WERROR_FLAG:BOOL=ON

//Error if submodules have not been initialized.
IREE_ERROR_ON_MISSING_SUBMODULES:BOOL=ON

IREE_EXTERNAL_HAL_DRIVERS:STRING=

IREE_EXTERNAL_TOOLING_MODULES:STRING=

//Forces use of toolchain specific LTO compatible binutils if on
// Linux
IREE_FORCE_LTO_COMPAT_BINUTILS_ON_LINUX:BOOL=OFF

IREE_GIT_SHORT_HASH:STRING=af8c7a8cdb

//Enables the `amdgpu` runtime HAL driver
IREE_HAL_DRIVER_AMDGPU:BOOL=OFF

//Enables the 'cuda' runtime HAL driver
IREE_HAL_DRIVER_CUDA:BOOL=OFF

//Sets the default value for all runtime HAL drivers
IREE_HAL_DRIVER_DEFAULTS:BOOL=ON

//Enables the 'hip' runtime HAL driver
IREE_HAL_DRIVER_HIP:BOOL=OFF

//Enables the 'local-sync' runtime HAL driver
IREE_HAL_DRIVER_LOCAL_SYNC:BOOL=ON

//Enables the 'local-task' runtime HAL driver
IREE_HAL_DRIVER_LOCAL_TASK:BOOL=ON

//Enables the 'metal' runtime HAL driver
IREE_HAL_DRIVER_METAL:BOOL=OFF

//Enables the 'null' runtime HAL driver
IREE_HAL_DRIVER_NULL:BOOL=OFF

//Enables the 'vulkan' runtime HAL driver
IREE_HAL_DRIVER_VULKAN:BOOL=ON

//Sets the default value for all runtime HAL executable loaders
IREE_HAL_EXECUTABLE_LOADER_DEFAULTS:BOOL=ON

//Enables the embedded dynamic library loader for local HAL drivers
IREE_HAL_EXECUTABLE_LOADER_EMBEDDED_ELF:BOOL=ON

IREE_HAL_EXECUTABLE_LOADER_EXTRA_DEPS:STRING=

//Enables the system dynamic library loader for local HAL drivers
IREE_HAL_EXECUTABLE_LOADER_SYSTEM_LIBRARY:BOOL=ON

//Enables the VMVX module loader for local HAL drivers
IREE_HAL_EXECUTABLE_LOADER_VMVX_MODULE:BOOL=ON

//Sets the default value for all runtime HAL executable plugin
// mechanisms
IREE_HAL_EXECUTABLE_PLUGIN_DEFAULTS:BOOL=ON

//Enables the embedded dynamic library plugin mechanism for local
// HAL drivers
IREE_HAL_EXECUTABLE_PLUGIN_EMBEDDED_ELF:BOOL=ON

IREE_HAL_EXECUTABLE_PLUGIN_EXTRA_DEPS:STRING=

//Enables the system dynamic library plugin mechanism for local
// HAL drivers
IREE_HAL_EXECUTABLE_PLUGIN_SYSTEM_LIBRARY:BOOL=ON

//Target chip for HIP tests that need to compile device code. 
//   Defaults to empty string to disable tests.
IREE_HIP_TEST_TARGET_CHIP:STRING=

//Path to directory containing IREE binary tools to use instead
// of building them from source.
IREE_HOST_BIN_DIR:STRING=/home/chlee/iree-build/tools

//Value Computed by CMake
IREE_IS_TOP_LEVEL:STATIC=ON

//Links IREE tools using the compiler compiled into a shared library
IREE_LINK_COMPILER_SHARED_LIBRARY:BOOL=ON

//LTO type, 'thin' or 'full'. Only consulted on clang-like compilers.
IREE_LTO_MODE:STRING=full

//Suffix to append to distributed package names
IREE_RELEASE_PACKAGE_SUFFIX:STRING=

//Version control revision information to embed in distributed
// packages
IREE_RELEASE_REVISION:STRING=HEAD

//Version to embed in distributed packages
IREE_RELEASE_VERSION:STRING=0.1a1

//Build optimization profile to apply. One of '', 'lto', 'size'.
IREE_RUNTIME_OPTIMIZATION_PROFILE:STRING=

//Value Computed by CMake
IREE_SOURCE_DIR:STATIC=/home/chlee/iree

//Sets the default value for all compiler target backends
IREE_TARGET_BACKEND_DEFAULTS:BOOL=ON

//Tracing feature/verbosity mode. See iree/base/tracing.h for more.
IREE_TRACING_MODE:STRING=2

//Default tracing feature/verbosity mode. See iree/base/tracing.h
// for more.
IREE_TRACING_MODE_DEFAULT:STRING=2

//Chooses which built-in tracing implementation is used when tracing
// is enabled.
IREE_TRACING_PROVIDER:STRING=tracy

//Default tracing implementation.
IREE_TRACING_PROVIDER_DEFAULT:STRING=tracy

//Header file for custom tracing providers.
IREE_TRACING_PROVIDER_H:STRING=

IREE_USE_LINKER:STRING=

//Uses certain system libraries instead of building downloaded
// dependencies
IREE_USE_SYSTEM_DEPS:BOOL=OFF

//Builds all C/C++ libraries with hidden visibility
IREE_VISIBILITY_HIDDEN:BOOL=ON

//No help, variable specified on the command line.
RISCV_CPU:UNINITIALIZED=linux-riscv_64

//Linker flags for RISCV executables
RISCV_LINKER_FLAGS_EXE:STRING=

//RISC-V toolchain prefix
RISCV_TOOLCHAIN_PREFIX:STRING=riscv64-unknown-linux-gnu-

//RISC-V compiler path
RISCV_TOOLCHAIN_ROOT:PATH=/home/chlee/riscv/toolchain/clang/linux/RISCV

//RISC-V tool path
RISCV_TOOL_PATH:PATH=/home/chlee/riscv

//Value Computed by CMake
VULKAN_HEADERS_BINARY_DIR:STATIC=/home/chlee/iree-build-riscv/third_party/vulkan_headers

//Value Computed by CMake
VULKAN_HEADERS_IS_TOP_LEVEL:STATIC=OFF

//Value Computed by CMake
VULKAN_HEADERS_SOURCE_DIR:STATIC=/home/chlee/iree/third_party/vulkan_headers

//Value Computed by CMake
benchmark_BINARY_DIR:STATIC=/home/chlee/iree-build-riscv/third_party/benchmark

//Value Computed by CMake
benchmark_IS_TOP_LEVEL:STATIC=OFF

//Value Computed by CMake
benchmark_SOURCE_DIR:STATIC=/home/chlee/iree/third_party/benchmark

//Value Computed by CMake
gmock_BINARY_DIR:STATIC=/home/chlee/iree-build-riscv/third_party/googletest/googlemock

//Value Computed by CMake
gmock_IS_TOP_LEVEL:STATIC=OFF

//Value Computed by CMake
gmock_SOURCE_DIR:STATIC=/home/chlee/iree/third_party/googletest/googlemock

//Build all of Google Mock's own tests.
gmock_build_tests:BOOL=OFF

//Value Computed by CMake
googletest-distribution_BINARY_DIR:STATIC=/home/chlee/iree-build-riscv/third_party/googletest

//Value Computed by CMake
googletest-distribution_IS_TOP_LEVEL:STATIC=OFF

//Value Computed by CMake
googletest-distribution_SOURCE_DIR:STATIC=/home/chlee/iree/third_party/googletest

//Value Computed by CMake
gtest_BINARY_DIR:STATIC=/home/chlee/iree-build-riscv/third_party/googletest/googletest

//Value Computed by CMake
gtest_IS_TOP_LEVEL:STATIC=OFF

//Value Computed by CMake
gtest_SOURCE_DIR:STATIC=/home/chlee/iree/third_party/googletest/googletest

//Build gtest's sample programs.
gtest_build_samples:BOOL=OFF

//Build all of gtest's own tests.
gtest_build_tests:BOOL=OFF

//Disable uses of pthreads in gtest.
gtest_disable_pthreads:BOOL=OFF

//Use shared (DLL) run-time lib even when Google Test is built
// as static lib.
gtest_force_shared_crt:BOOL=ON

//Build gtest with internal symbols hidden in shared libraries.
gtest_hide_internal_symbols:BOOL=OFF


########################
# INTERNAL cache entries
########################

//ADVANCED property for variable: BENCHMARK_CXX_FLAGS_COVERAGE
BENCHMARK_CXX_FLAGS_COVERAGE-ADVANCED:INTERNAL=1
//ADVANCED property for variable: BENCHMARK_EXE_LINKER_FLAGS_COVERAGE
BENCHMARK_EXE_LINKER_FLAGS_COVERAGE-ADVANCED:INTERNAL=1
//ADVANCED property for variable: BENCHMARK_SHARED_LINKER_FLAGS_COVERAGE
BENCHMARK_SHARED_LINKER_FLAGS_COVERAGE-ADVANCED:INTERNAL=1
//ADVANCED property for variable: CMAKE_ADDR2LINE
CMAKE_ADDR2LINE-ADVANCED:INTERNAL=1
//ADVANCED property for variable: CMAKE_ASM_COMPILER
CMAKE_ASM_COMPILER-ADVANCED:INTERNAL=1
//ADVANCED property for variable: CMAKE_ASM_COMPILER_AR
CMAKE_ASM_COMPILER_AR-ADVANCED:INTERNAL=1
//ADVANCED property for variable: CMAKE_ASM_COMPILER_CLANG_SCAN_DEPS
CMAKE_ASM_COMPILER_CLANG_SCAN_DEPS-ADVANCED:INTERNAL=1
//ADVANCED property for variable: CMAKE_ASM_COMPILER_RANLIB
CMAKE_ASM_COMPILER_RANLIB-ADVANCED:INTERNAL=1
CMAKE_ASM_COMPILER_WORKS:INTERNAL=1
//ADVANCED property for variable: CMAKE_ASM_FLAGS
CMAKE_ASM_FLAGS-ADVANCED:INTERNAL=1
//ADVANCED property for variable: CMAKE_ASM_FLAGS_DEBUG
CMAKE_ASM_FLAGS_DEBUG-ADVANCED:INTERNAL=1
//ADVANCED property for variable: CMAKE_ASM_FLAGS_MINSIZEREL
CMAKE_ASM_FLAGS_MINSIZEREL-ADVANCED:INTERNAL=1
//ADVANCED property for variable: CMAKE_ASM_FLAGS_RELEASE
CMAKE_ASM_FLAGS_RELEASE-ADVANCED:INTERNAL=1
//ADVANCED property for variable: CMAKE_ASM_FLAGS_RELWITHDEBINFO
CMAKE_ASM_FLAGS_RELWITHDEBINFO-ADVANCED:INTERNAL=1
//This is the directory where this CMakeCache.txt was created
CMAKE_CACHEFILE_DIR:INTERNAL=/home/chlee/iree-build-riscv
//Major version of cmake used to create the current loaded cache
CMAKE_CACHE_MAJOR_VERSION:INTERNAL=3
//Minor version of cmake used to create the current loaded cache
CMAKE_CACHE_MINOR_VERSION:INTERNAL=28
//Patch version of cmake used to create the current loaded cache
CMAKE_CACHE_PATCH_VERSION:INTERNAL=3
//Path to CMake executable.
CMAKE_COMMAND:INTERNAL=/usr/bin/cmake
//Path to cpack program executable.
CMAKE_CPACK_COMMAND:INTERNAL=/usr/bin/cpack
//Path to ctest program executable.
CMAKE_CTEST_COMMAND:INTERNAL=/usr/bin/ctest
//ADVANCED property for variable: CMAKE_CXX_COMPILER_AR
CMAKE_CXX_COMPILER_AR-ADVANCED:INTERNAL=1
//ADVANCED property for variable: CMAKE_CXX_COMPILER_CLANG_SCAN_DEPS
CMAKE_CXX_COMPILER_CLANG_SCAN_DEPS-ADVANCED:INTERNAL=1
//ADVANCED property for variable: CMAKE_CXX_COMPILER_RANLIB
CMAKE_CXX_COMPILER_RANLIB-ADVANCED:INTERNAL=1
//ADVANCED property for variable: CMAKE_CXX_FLAGS
CMAKE_CXX_FLAGS-ADVANCED:INTERNAL=1
//ADVANCED property for variable: CMAKE_CXX_FLAGS_DEBUG
CMAKE_CXX_FLAGS_DEBUG-ADVANCED:INTERNAL=1
//ADVANCED property for variable: CMAKE_CXX_FLAGS_FASTBUILD
CMAKE_CXX_FLAGS_FASTBUILD-ADVANCED:INTERNAL=1
//ADVANCED property for variable: CMAKE_CXX_FLAGS_MINSIZEREL
CMAKE_CXX_FLAGS_MINSIZEREL-ADVANCED:INTERNAL=1
//ADVANCED property for variable: CMAKE_CXX_FLAGS_RELEASE
CMAKE_CXX_FLAGS_RELEASE-ADVANCED:INTERNAL=1
//ADVANCED property for variable: CMAKE_CXX_FLAGS_RELWITHDEBINFO
CMAKE_CXX_FLAGS_RELWITHDEBINFO-ADVANCED:INTERNAL=1
//ADVANCED property for variable: CMAKE_C_COMPILER_AR
CMAKE_C_COMPILER_AR-ADVANCED:INTERNAL=1
//ADVANCED property for variable: CMAKE_C_COMPILER_CLANG_SCAN_DEPS
CMAKE_C_COMPILER_CLANG_SCAN_DEPS-ADVANCED:INTERNAL=1
//ADVANCED property for variable: CMAKE_C_COMPILER_RANLIB
CMAKE_C_COMPILER_RANLIB-ADVANCED:INTERNAL=1
//ADVANCED property for variable: CMAKE_C_FLAGS
CMAKE_C_FLAGS-ADVANCED:INTERNAL=1
//ADVANCED property for variable: CMAKE_C_FLAGS_DEBUG
CMAKE_C_FLAGS_DEBUG-ADVANCED:INTERNAL=1
//ADVANCED property for variable: CMAKE_C_FLAGS_FASTBUILD
CMAKE_C_FLAGS_FASTBUILD-ADVANCED:INTERNAL=1
//ADVANCED property for variable: CMAKE_C_FLAGS_MINSIZEREL
CMAKE_C_FLAGS_MINSIZEREL-ADVANCED:INTERNAL=1
//ADVANCED property for variable: CMAKE_C_FLAGS_RELEASE
CMAKE_C_FLAGS_RELEASE-ADVANCED:INTERNAL=1
//ADVANCED property for variable: CMAKE_C_FLAGS_RELWITHDEBINFO
CMAKE_C_FLAGS_RELWITHDEBINFO-ADVANCED:INTERNAL=1
//ADVANCED property for variable: CMAKE_DLLTOOL
CMAKE_DLLTOOL-ADVANCED:INTERNAL=1
//Executable file format
CMAKE_EXECUTABLE_FORMAT:INTERNAL=ELF
//ADVANCED property for variable: CMAKE_EXE_LINKER_FLAGS
CMAKE_EXE_LINKER_FLAGS-ADVANCED:INTERNAL=1
//ADVANCED property for variable: CMAKE_EXE_LINKER_FLAGS_DEBUG
CMAKE_EXE_LINKER_FLAGS_DEBUG-ADVANCED:INTERNAL=1
//ADVANCED property for variable: CMAKE_EXE_LINKER_FLAGS_FASTBUILD
CMAKE_EXE_LINKER_FLAGS_FASTBUILD-ADVANCED:INTERNAL=1
//ADVANCED property for variable: CMAKE_EXE_LINKER_FLAGS_MINSIZEREL
CMAKE_EXE_LINKER_FLAGS_MINSIZEREL-ADVANCED:INTERNAL=1
//ADVANCED property for variable: CMAKE_EXE_LINKER_FLAGS_RELEASE
CMAKE_EXE_LINKER_FLAGS_RELEASE-ADVANCED:INTERNAL=1
//ADVANCED property for variable: CMAKE_EXE_LINKER_FLAGS_RELWITHDEBINFO
CMAKE_EXE_LINKER_FLAGS_RELWITHDEBINFO-ADVANCED:INTERNAL=1
//Name of external makefile project generator.
CMAKE_EXTRA_GENERATOR:INTERNAL=
//Name of generator.
CMAKE_GENERATOR:INTERNAL=Ninja
//Generator instance identifier.
CMAKE_GENERATOR_INSTANCE:INTERNAL=
//Name of generator platform.
CMAKE_GENERATOR_PLATFORM:INTERNAL=
//Name of generator toolset.
CMAKE_GENERATOR_TOOLSET:INTERNAL=
//Test CMAKE_HAVE_LIBC_PTHREAD
CMAKE_HAVE_LIBC_PTHREAD:INTERNAL=1
//Source directory with the top level CMakeLists.txt file for this
// project
CMAKE_HOME_DIRECTORY:INTERNAL=/home/chlee/iree
//ADVANCED property for variable: CMAKE_INSTALL_BINDIR
CMAKE_INSTALL_BINDIR-ADVANCED:INTERNAL=1
//ADVANCED property for variable: CMAKE_INSTALL_DATADIR
CMAKE_INSTALL_DATADIR-ADVANCED:INTERNAL=1
//ADVANCED property for variable: CMAKE_INSTALL_DATAROOTDIR
CMAKE_INSTALL_DATAROOTDIR-ADVANCED:INTERNAL=1
//ADVANCED property for variable: CMAKE_INSTALL_DOCDIR
CMAKE_INSTALL_DOCDIR-ADVANCED:INTERNAL=1
//ADVANCED property for variable: CMAKE_INSTALL_INCLUDEDIR
CMAKE_INSTALL_INCLUDEDIR-ADVANCED:INTERNAL=1
//ADVANCED property for variable: CMAKE_INSTALL_INFODIR
CMAKE_INSTALL_INFODIR-ADVANCED:INTERNAL=1
//ADVANCED property for variable: CMAKE_INSTALL_LIBDIR
CMAKE_INSTALL_LIBDIR-ADVANCED:INTERNAL=1
//ADVANCED property for variable: CMAKE_INSTALL_LIBEXECDIR
CMAKE_INSTALL_LIBEXECDIR-ADVANCED:INTERNAL=1
//ADVANCED property for variable: CMAKE_INSTALL_LOCALEDIR
CMAKE_INSTALL_LOCALEDIR-ADVANCED:INTERNAL=1
//ADVANCED property for variable: CMAKE_INSTALL_LOCALSTATEDIR
CMAKE_INSTALL_LOCALSTATEDIR-ADVANCED:INTERNAL=1
//ADVANCED property for variable: CMAKE_INSTALL_MANDIR
CMAKE_INSTALL_MANDIR-ADVANCED:INTERNAL=1
//ADVANCED property for variable: CMAKE_INSTALL_OLDINCLUDEDIR
CMAKE_INSTALL_OLDINCLUDEDIR-ADVANCED:INTERNAL=1
//ADVANCED property for variable: CMAKE_INSTALL_RUNSTATEDIR
CMAKE_INSTALL_RUNSTATEDIR-ADVANCED:INTERNAL=1
//ADVANCED property for variable: CMAKE_INSTALL_SBINDIR
CMAKE_INSTALL_SBINDIR-ADVANCED:INTERNAL=1
//ADVANCED property for variable: CMAKE_INSTALL_SHAREDSTATEDIR
CMAKE_INSTALL_SHAREDSTATEDIR-ADVANCED:INTERNAL=1
//Install .so files without execute permission.
CMAKE_INSTALL_SO_NO_EXE:INTERNAL=1
//ADVANCED property for variable: CMAKE_INSTALL_SYSCONFDIR
CMAKE_INSTALL_SYSCONFDIR-ADVANCED:INTERNAL=1
//ADVANCED property for variable: CMAKE_LINKER
CMAKE_LINKER-ADVANCED:INTERNAL=1
//ADVANCED property for variable: CMAKE_MAKE_PROGRAM
CMAKE_MAKE_PROGRAM-ADVANCED:INTERNAL=1
//ADVANCED property for variable: CMAKE_MODULE_LINKER_FLAGS
CMAKE_MODULE_LINKER_FLAGS-ADVANCED:INTERNAL=1
//ADVANCED property for variable: CMAKE_MODULE_LINKER_FLAGS_DEBUG
CMAKE_MODULE_LINKER_FLAGS_DEBUG-ADVANCED:INTERNAL=1
//ADVANCED property for variable: CMAKE_MODULE_LINKER_FLAGS_MINSIZEREL
CMAKE_MODULE_LINKER_FLAGS_MINSIZEREL-ADVANCED:INTERNAL=1
//ADVANCED property for variable: CMAKE_MODULE_LINKER_FLAGS_RELEASE
CMAKE_MODULE_LINKER_FLAGS_RELEASE-ADVANCED:INTERNAL=1
//ADVANCED property for variable: CMAKE_MODULE_LINKER_FLAGS_RELWITHDEBINFO
CMAKE_MODULE_LINKER_FLAGS_RELWITHDEBINFO-ADVANCED:INTERNAL=1
//ADVANCED property for variable: CMAKE_NM
CMAKE_NM-ADVANCED:INTERNAL=1
//number of local generators
CMAKE_NUMBER_OF_MAKEFILES:INTERNAL=148
//ADVANCED property for variable: CMAKE_OBJCOPY
CMAKE_OBJCOPY-ADVANCED:INTERNAL=1
//ADVANCED property for variable: CMAKE_OBJDUMP
CMAKE_OBJDUMP-ADVANCED:INTERNAL=1
//Platform information initialized
CMAKE_PLATFORM_INFO_INITIALIZED:INTERNAL=1
//ADVANCED property for variable: CMAKE_READELF
CMAKE_READELF-ADVANCED:INTERNAL=1
//Path to CMake installation.
CMAKE_ROOT:INTERNAL=/usr/share/cmake-3.28
//ADVANCED property for variable: CMAKE_SHARED_LINKER_FLAGS
CMAKE_SHARED_LINKER_FLAGS-ADVANCED:INTERNAL=1
//ADVANCED property for variable: CMAKE_SHARED_LINKER_FLAGS_DEBUG
CMAKE_SHARED_LINKER_FLAGS_DEBUG-ADVANCED:INTERNAL=1
//ADVANCED property for variable: CMAKE_SHARED_LINKER_FLAGS_FASTBUILD
CMAKE_SHARED_LINKER_FLAGS_FASTBUILD-ADVANCED:INTERNAL=1
//ADVANCED property for variable: CMAKE_SHARED_LINKER_FLAGS_MINSIZEREL
CMAKE_SHARED_LINKER_FLAGS_MINSIZEREL-ADVANCED:INTERNAL=1
//ADVANCED property for variable: CMAKE_SHARED_LINKER_FLAGS_RELEASE
CMAKE_SHARED_LINKER_FLAGS_RELEASE-ADVANCED:INTERNAL=1
//ADVANCED property for variable: CMAKE_SHARED_LINKER_FLAGS_RELWITHDEBINFO
CMAKE_SHARED_LINKER_FLAGS_RELWITHDEBINFO-ADVANCED:INTERNAL=1
//ADVANCED property for variable: CMAKE_SKIP_INSTALL_RPATH
CMAKE_SKIP_INSTALL_RPATH-ADVANCED:INTERNAL=1
//ADVANCED property for variable: CMAKE_SKIP_RPATH
CMAKE_SKIP_RPATH-ADVANCED:INTERNAL=1
//ADVANCED property for variable: CMAKE_STATIC_LINKER_FLAGS
CMAKE_STATIC_LINKER_FLAGS-ADVANCED:INTERNAL=1
//ADVANCED property for variable: CMAKE_STATIC_LINKER_FLAGS_DEBUG
CMAKE_STATIC_LINKER_FLAGS_DEBUG-ADVANCED:INTERNAL=1
//ADVANCED property for variable: CMAKE_STATIC_LINKER_FLAGS_MINSIZEREL
CMAKE_STATIC_LINKER_FLAGS_MINSIZEREL-ADVANCED:INTERNAL=1
//ADVANCED property for variable: CMAKE_STATIC_LINKER_FLAGS_RELEASE
CMAKE_STATIC_LINKER_FLAGS_RELEASE-ADVANCED:INTERNAL=1
//ADVANCED property for variable: CMAKE_STATIC_LINKER_FLAGS_RELWITHDEBINFO
CMAKE_STATIC_LINKER_FLAGS_RELWITHDEBINFO-ADVANCED:INTERNAL=1
//ADVANCED property for variable: CMAKE_TAPI
CMAKE_TAPI-ADVANCED:INTERNAL=1
//uname command
CMAKE_UNAME:INTERNAL=/usr/bin/uname
//ADVANCED property for variable: CMAKE_VERBOSE_MAKEFILE
CMAKE_VERBOSE_MAKEFILE-ADVANCED:INTERNAL=1
//Result of TRY_COMPILE
COMPILE_HAVE_GNU_POSIX_REGEX:INTERNAL=FALSE
//Result of TRY_COMPILE
COMPILE_HAVE_POSIX_REGEX:INTERNAL=TRUE
//Result of TRY_COMPILE
COMPILE_HAVE_PTHREAD_AFFINITY:INTERNAL=TRUE
//Result of TRY_COMPILE
COMPILE_HAVE_STD_REGEX:INTERNAL=TRUE
//Result of TRY_COMPILE
COMPILE_HAVE_STEADY_CLOCK:INTERNAL=TRUE
//Result of TRY_COMPILE
COMPILE_HAVE_THREAD_SAFETY_ATTRIBUTES:INTERNAL=TRUE
//ADVANCED property for variable: CUDAToolkit_BIN_DIR
CUDAToolkit_BIN_DIR-ADVANCED:INTERNAL=1
//ADVANCED property for variable: CUDAToolkit_CUPTI_INCLUDE_DIR
CUDAToolkit_CUPTI_INCLUDE_DIR-ADVANCED:INTERNAL=1
//ADVANCED property for variable: CUDAToolkit_NVCC_EXECUTABLE
CUDAToolkit_NVCC_EXECUTABLE-ADVANCED:INTERNAL=1
//ADVANCED property for variable: CUDAToolkit_rt_LIBRARY
CUDAToolkit_rt_LIBRARY-ADVANCED:INTERNAL=1
//ADVANCED property for variable: CUDA_CUDART
CUDA_CUDART-ADVANCED:INTERNAL=1
//ADVANCED property for variable: CUDA_OpenCL_LIBRARY
CUDA_OpenCL_LIBRARY-ADVANCED:INTERNAL=1
//ADVANCED property for variable: CUDA_cuFile_LIBRARY
CUDA_cuFile_LIBRARY-ADVANCED:INTERNAL=1
//ADVANCED property for variable: CUDA_cuFile_rdma_LIBRARY
CUDA_cuFile_rdma_LIBRARY-ADVANCED:INTERNAL=1
//ADVANCED property for variable: CUDA_cuFile_rdma_static_LIBRARY
CUDA_cuFile_rdma_static_LIBRARY-ADVANCED:INTERNAL=1
//ADVANCED property for variable: CUDA_cuFile_static_LIBRARY
CUDA_cuFile_static_LIBRARY-ADVANCED:INTERNAL=1
//ADVANCED property for variable: CUDA_cublasLt_LIBRARY
CUDA_cublasLt_LIBRARY-ADVANCED:INTERNAL=1
//ADVANCED property for variable: CUDA_cublasLt_static_LIBRARY
CUDA_cublasLt_static_LIBRARY-ADVANCED:INTERNAL=1
//ADVANCED property for variable: CUDA_cublas_LIBRARY
CUDA_cublas_LIBRARY-ADVANCED:INTERNAL=1
//ADVANCED property for variable: CUDA_cublas_static_LIBRARY
CUDA_cublas_static_LIBRARY-ADVANCED:INTERNAL=1
//ADVANCED property for variable: CUDA_cuda_driver_LIBRARY
CUDA_cuda_driver_LIBRARY-ADVANCED:INTERNAL=1
//ADVANCED property for variable: CUDA_cudart_LIBRARY
CUDA_cudart_LIBRARY-ADVANCED:INTERNAL=1
//ADVANCED property for variable: CUDA_cudart_static_LIBRARY
CUDA_cudart_static_LIBRARY-ADVANCED:INTERNAL=1
//ADVANCED property for variable: CUDA_cudla_LIBRARY
CUDA_cudla_LIBRARY-ADVANCED:INTERNAL=1
//ADVANCED property for variable: CUDA_cufft_LIBRARY
CUDA_cufft_LIBRARY-ADVANCED:INTERNAL=1
//ADVANCED property for variable: CUDA_cufft_static_LIBRARY
CUDA_cufft_static_LIBRARY-ADVANCED:INTERNAL=1
//ADVANCED property for variable: CUDA_cufft_static_nocallback_LIBRARY
CUDA_cufft_static_nocallback_LIBRARY-ADVANCED:INTERNAL=1
//ADVANCED property for variable: CUDA_cufftw_LIBRARY
CUDA_cufftw_LIBRARY-ADVANCED:INTERNAL=1
//ADVANCED property for variable: CUDA_cufftw_static_LIBRARY
CUDA_cufftw_static_LIBRARY-ADVANCED:INTERNAL=1
//ADVANCED property for variable: CUDA_culibos_LIBRARY
CUDA_culibos_LIBRARY-ADVANCED:INTERNAL=1
//ADVANCED property for variable: CUDA_cupti_LIBRARY
CUDA_cupti_LIBRARY-ADVANCED:INTERNAL=1
//ADVANCED property for variable: CUDA_cupti_static_LIBRARY
CUDA_cupti_static_LIBRARY-ADVANCED:INTERNAL=1
//ADVANCED property for variable: CUDA_curand_LIBRARY
CUDA_curand_LIBRARY-ADVANCED:INTERNAL=1
//ADVANCED property for variable: CUDA_curand_static_LIBRARY
CUDA_curand_static_LIBRARY-ADVANCED:INTERNAL=1
//ADVANCED property for variable: CUDA_cusolver_LIBRARY
CUDA_cusolver_LIBRARY-ADVANCED:INTERNAL=1
//ADVANCED property for variable: CUDA_cusolver_lapack_static_LIBRARY
CUDA_cusolver_lapack_static_LIBRARY-ADVANCED:INTERNAL=1
//ADVANCED property for variable: CUDA_cusolver_metis_static_LIBRARY
CUDA_cusolver_metis_static_LIBRARY-ADVANCED:INTERNAL=1
//ADVANCED property for variable: CUDA_cusolver_static_LIBRARY
CUDA_cusolver_static_LIBRARY-ADVANCED:INTERNAL=1
//ADVANCED property for variable: CUDA_cusparse_LIBRARY
CUDA_cusparse_LIBRARY-ADVANCED:INTERNAL=1
//ADVANCED property for variable: CUDA_cusparse_static_LIBRARY
CUDA_cusparse_static_LIBRARY-ADVANCED:INTERNAL=1
//ADVANCED property for variable: CUDA_nppc_LIBRARY
CUDA_nppc_LIBRARY-ADVANCED:INTERNAL=1
//ADVANCED property for variable: CUDA_nppc_static_LIBRARY
CUDA_nppc_static_LIBRARY-ADVANCED:INTERNAL=1
//ADVANCED property for variable: CUDA_nppial_LIBRARY
CUDA_nppial_LIBRARY-ADVANCED:INTERNAL=1
//ADVANCED property for variable: CUDA_nppial_static_LIBRARY
CUDA_nppial_static_LIBRARY-ADVANCED:INTERNAL=1
//ADVANCED property for variable: CUDA_nppicc_LIBRARY
CUDA_nppicc_LIBRARY-ADVANCED:INTERNAL=1
//ADVANCED property for variable: CUDA_nppicc_static_LIBRARY
CUDA_nppicc_static_LIBRARY-ADVANCED:INTERNAL=1
//ADVANCED property for variable: CUDA_nppicom_LIBRARY
CUDA_nppicom_LIBRARY-ADVANCED:INTERNAL=1
//ADVANCED property for variable: CUDA_nppicom_static_LIBRARY
CUDA_nppicom_static_LIBRARY-ADVANCED:INTERNAL=1
//ADVANCED property for variable: CUDA_nppidei_LIBRARY
CUDA_nppidei_LIBRARY-ADVANCED:INTERNAL=1
//ADVANCED property for variable: CUDA_nppidei_static_LIBRARY
CUDA_nppidei_static_LIBRARY-ADVANCED:INTERNAL=1
//ADVANCED property for variable: CUDA_nppif_LIBRARY
CUDA_nppif_LIBRARY-ADVANCED:INTERNAL=1
//ADVANCED property for variable: CUDA_nppif_static_LIBRARY
CUDA_nppif_static_LIBRARY-ADVANCED:INTERNAL=1
//ADVANCED property for variable: CUDA_nppig_LIBRARY
CUDA_nppig_LIBRARY-ADVANCED:INTERNAL=1
//ADVANCED property for variable: CUDA_nppig_static_LIBRARY
CUDA_nppig_static_LIBRARY-ADVANCED:INTERNAL=1
//ADVANCED property for variable: CUDA_nppim_LIBRARY
CUDA_nppim_LIBRARY-ADVANCED:INTERNAL=1
//ADVANCED property for variable: CUDA_nppim_static_LIBRARY
CUDA_nppim_static_LIBRARY-ADVANCED:INTERNAL=1
//ADVANCED property for variable: CUDA_nppist_LIBRARY
CUDA_nppist_LIBRARY-ADVANCED:INTERNAL=1
//ADVANCED property for variable: CUDA_nppist_static_LIBRARY
CUDA_nppist_static_LIBRARY-ADVANCED:INTERNAL=1
//ADVANCED property for variable: CUDA_nppisu_LIBRARY
CUDA_nppisu_LIBRARY-ADVANCED:INTERNAL=1
//ADVANCED property for variable: CUDA_nppisu_static_LIBRARY
CUDA_nppisu_static_LIBRARY-ADVANCED:INTERNAL=1
//ADVANCED property for variable: CUDA_nppitc_LIBRARY
CUDA_nppitc_LIBRARY-ADVANCED:INTERNAL=1
//ADVANCED property for variable: CUDA_nppitc_static_LIBRARY
CUDA_nppitc_static_LIBRARY-ADVANCED:INTERNAL=1
//ADVANCED property for variable: CUDA_npps_LIBRARY
CUDA_npps_LIBRARY-ADVANCED:INTERNAL=1
//ADVANCED property for variable: CUDA_npps_static_LIBRARY
CUDA_npps_static_LIBRARY-ADVANCED:INTERNAL=1
//ADVANCED property for variable: CUDA_nvJitLink_LIBRARY
CUDA_nvJitLink_LIBRARY-ADVANCED:INTERNAL=1
//ADVANCED property for variable: CUDA_nvJitLink_static_LIBRARY
CUDA_nvJitLink_static_LIBRARY-ADVANCED:INTERNAL=1
//ADVANCED property for variable: CUDA_nvToolsExt_LIBRARY
CUDA_nvToolsExt_LIBRARY-ADVANCED:INTERNAL=1
//ADVANCED property for variable: CUDA_nvgraph_LIBRARY
CUDA_nvgraph_LIBRARY-ADVANCED:INTERNAL=1
//ADVANCED property for variable: CUDA_nvgraph_static_LIBRARY
CUDA_nvgraph_static_LIBRARY-ADVANCED:INTERNAL=1
//ADVANCED property for variable: CUDA_nvjpeg_LIBRARY
CUDA_nvjpeg_LIBRARY-ADVANCED:INTERNAL=1
//ADVANCED property for variable: CUDA_nvjpeg_static_LIBRARY
CUDA_nvjpeg_static_LIBRARY-ADVANCED:INTERNAL=1
//ADVANCED property for variable: CUDA_nvml_LIBRARY
CUDA_nvml_LIBRARY-ADVANCED:INTERNAL=1
//ADVANCED property for variable: CUDA_nvperf_host_LIBRARY
CUDA_nvperf_host_LIBRARY-ADVANCED:INTERNAL=1
//ADVANCED property for variable: CUDA_nvperf_host_static_LIBRARY
CUDA_nvperf_host_static_LIBRARY-ADVANCED:INTERNAL=1
//ADVANCED property for variable: CUDA_nvperf_target_LIBRARY
CUDA_nvperf_target_LIBRARY-ADVANCED:INTERNAL=1
//ADVANCED property for variable: CUDA_nvptxcompiler_static_LIBRARY
CUDA_nvptxcompiler_static_LIBRARY-ADVANCED:INTERNAL=1
//ADVANCED property for variable: CUDA_nvrtc_LIBRARY
CUDA_nvrtc_LIBRARY-ADVANCED:INTERNAL=1
//ADVANCED property for variable: CUDA_nvrtc_builtins_LIBRARY
CUDA_nvrtc_builtins_LIBRARY-ADVANCED:INTERNAL=1
//ADVANCED property for variable: CUDA_nvrtc_builtins_static_LIBRARY
CUDA_nvrtc_builtins_static_LIBRARY-ADVANCED:INTERNAL=1
//ADVANCED property for variable: CUDA_nvrtc_static_LIBRARY
CUDA_nvrtc_static_LIBRARY-ADVANCED:INTERNAL=1
//ADVANCED property for variable: CUDA_pcsamplingutil_LIBRARY
CUDA_pcsamplingutil_LIBRARY-ADVANCED:INTERNAL=1
//Details about finding CUDAToolkit
FIND_PACKAGE_MESSAGE_DETAILS_CUDAToolkit:INTERNAL=[/usr/include][/usr/lib/x86_64-linux-gnu/libcudart.so][/usr/bin][v12.0.140(12)]
//Details about finding Git
FIND_PACKAGE_MESSAGE_DETAILS_Git:INTERNAL=[/usr/bin/git][v2.43.0()]
//Details about finding Python
FIND_PACKAGE_MESSAGE_DETAILS_Python:INTERNAL=[/usr/bin/python3][cfound components: Interpreter ][v3.12.3()]
//Details about finding Python3
FIND_PACKAGE_MESSAGE_DETAILS_Python3:INTERNAL=[/usr/bin/python3][cfound components: Interpreter ][v3.12.3()]
//Details about finding Threads
FIND_PACKAGE_MESSAGE_DETAILS_Threads:INTERNAL=[TRUE][v()]
//ADVANCED property for variable: GIT_EXECUTABLE
GIT_EXECUTABLE-ADVANCED:INTERNAL=1
//Test HAVE_CXX_FLAG_COVERAGE
HAVE_CXX_FLAG_COVERAGE:INTERNAL=
//Test HAVE_CXX_FLAG_FSTRICT_ALIASING
HAVE_CXX_FLAG_FSTRICT_ALIASING:INTERNAL=1
//Test HAVE_CXX_FLAG_PEDANTIC
HAVE_CXX_FLAG_PEDANTIC:INTERNAL=1
//Test HAVE_CXX_FLAG_PEDANTIC_ERRORS
HAVE_CXX_FLAG_PEDANTIC_ERRORS:INTERNAL=1
//Test HAVE_CXX_FLAG_WALL
HAVE_CXX_FLAG_WALL:INTERNAL=1
//Test HAVE_CXX_FLAG_WD654
HAVE_CXX_FLAG_WD654:INTERNAL=
//Test HAVE_CXX_FLAG_WERROR
HAVE_CXX_FLAG_WERROR:INTERNAL=1
//Test HAVE_CXX_FLAG_WEXTRA
HAVE_CXX_FLAG_WEXTRA:INTERNAL=1
//Test HAVE_CXX_FLAG_WFLOAT_EQUAL
HAVE_CXX_FLAG_WFLOAT_EQUAL:INTERNAL=1
//Test HAVE_CXX_FLAG_WNO_DEPRECATED
HAVE_CXX_FLAG_WNO_DEPRECATED:INTERNAL=1
//Test HAVE_CXX_FLAG_WNO_DEPRECATED_DECLARATIONS
HAVE_CXX_FLAG_WNO_DEPRECATED_DECLARATIONS:INTERNAL=1
//Test HAVE_CXX_FLAG_WOLD_STYLE_CAST
HAVE_CXX_FLAG_WOLD_STYLE_CAST:INTERNAL=1
//Test HAVE_CXX_FLAG_WSHADOW
HAVE_CXX_FLAG_WSHADOW:INTERNAL=1
//Test HAVE_CXX_FLAG_WSHORTEN_64_TO_32
HAVE_CXX_FLAG_WSHORTEN_64_TO_32:INTERNAL=1
//Test HAVE_CXX_FLAG_WSTRICT_ALIASING
HAVE_CXX_FLAG_WSTRICT_ALIASING:INTERNAL=1
//Test HAVE_CXX_FLAG_WSUGGEST_OVERRIDE
HAVE_CXX_FLAG_WSUGGEST_OVERRIDE:INTERNAL=1
//Test HAVE_CXX_FLAG_WTHREAD_SAFETY
HAVE_CXX_FLAG_WTHREAD_SAFETY:INTERNAL=1
//Have library rt
HAVE_LIB_RT:INTERNAL=1
//ADVANCED property for variable: IREE_FORCE_LTO_COMPAT_BINUTILS_ON_LINUX
IREE_FORCE_LTO_COMPAT_BINUTILS_ON_LINUX-ADVANCED:INTERNAL=1
//Have symbol dlopen
IREE_HAVE_DLOPEN:INTERNAL=1
//IREE: Include Directories
IREE_PUBLIC_INCLUDE_DIRS:INTERNAL=
//Test IREE_SUPPORTS_VISIBILITY_DEFAULT
IREE_SUPPORTS_VISIBILITY_DEFAULT:INTERNAL=1
//Test IREE_UK_BUILD_RISCV_64_V
IREE_UK_BUILD_RISCV_64_V:INTERNAL=1
//Default llvm codegen flags for testing purposes
RISCV64_TEST_DEFAULT_LLVM_FLAGS:INTERNAL=--iree-llvmcpu-target-triple=riscv64;--iree-llvmcpu-target-abi=lp64d;--iree-llvmcpu-target-cpu-features=+m,+a,+f,+d,+c,+zvl512b,+v;--riscv-v-fixed-length-vector-lmul-max=8
RUN_HAVE_GNU_POSIX_REGEX:INTERNAL=1
RUN_HAVE_POSIX_REGEX:INTERNAL=0
RUN_HAVE_PTHREAD_AFFINITY:INTERNAL=0
RUN_HAVE_STD_REGEX:INTERNAL=0
RUN_HAVE_STEADY_CLOCK:INTERNAL=0
RUN_HAVE_THREAD_SAFETY_ATTRIBUTES:INTERNAL=0
//linker supports push/pop state
_CMAKE_LINKER_PUSHPOP_STATE_SUPPORTED:INTERNAL=TRUE
//CMAKE_INSTALL_PREFIX during last run
_GNUInstallDirs_LAST_CMAKE_INSTALL_PREFIX:INTERNAL=/usr/local
//Compiler reason failure
_Python3_Compiler_REASON_FAILURE:INTERNAL=
//Development reason failure
_Python3_Development_REASON_FAILURE:INTERNAL=
_Python3_EXECUTABLE:INTERNAL=/usr/bin/python3
//Python3 Properties
_Python3_INTERPRETER_PROPERTIES:INTERNAL=Python;3;12;3;64;32;;;abi3;/usr/lib/python3.12;/usr/lib/python3.12;/usr/local/lib/python3.12/dist-packages;/usr/local/lib/python3.12/dist-packages
_Python3_INTERPRETER_SIGNATURE:INTERNAL=4c8bfa8951e99fa32e4000a94f8c04a2
//NumPy reason failure
_Python3_NumPy_REASON_FAILURE:INTERNAL=
//Compiler reason failure
_Python_Compiler_REASON_FAILURE:INTERNAL=
//Development reason failure
_Python_Development_REASON_FAILURE:INTERNAL=
_Python_EXECUTABLE:INTERNAL=/usr/bin/python3
//Python Properties
_Python_INTERPRETER_PROPERTIES:INTERNAL=Python;3;12;3;64;32;;;abi3;/usr/lib/python3.12;/usr/lib/python3.12;/usr/local/lib/python3.12/dist-packages;/usr/local/lib/python3.12/dist-packages
_Python_INTERPRETER_SIGNATURE:INTERNAL=4c8bfa8951e99fa32e4000a94f8c04a2
//NumPy reason failure
_Python_NumPy_REASON_FAILURE:INTERNAL=
//CUDAToolkit internal list of implicit link directories
_cmake_CUDAToolkit_implicit_link_directories:INTERNAL=/usr/lib/x86_64-linux-gnu/stubs;/usr/lib/x86_64-linux-gnu
cmake_package_name:INTERNAL=GTest
//ADVANCED property for variable: gmock_build_tests
gmock_build_tests-ADVANCED:INTERNAL=1
//ADVANCED property for variable: gtest_build_samples
gtest_build_samples-ADVANCED:INTERNAL=1
//ADVANCED property for variable: gtest_build_tests
gtest_build_tests-ADVANCED:INTERNAL=1
//ADVANCED property for variable: gtest_disable_pthreads
gtest_disable_pthreads-ADVANCED:INTERNAL=1
//ADVANCED property for variable: gtest_force_shared_crt
gtest_force_shared_crt-ADVANCED:INTERNAL=1
//ADVANCED property for variable: gtest_hide_internal_symbols
gtest_hide_internal_symbols-ADVANCED:INTERNAL=1

